[debug] [2021-10-19T16:01:03.748Z] ----------------------------------------------------------------------
[debug] [2021-10-19T16:01:03.752Z] Command:       C:\Program Files\nodejs\node.exe C:\Users\mdrab\AppData\Roaming\npm\node_modules\firebase-tools\lib\bin\firebase.js deploy
[debug] [2021-10-19T16:01:03.752Z] CLI Version:   9.20.0
[debug] [2021-10-19T16:01:03.752Z] Platform:      win32
[debug] [2021-10-19T16:01:03.752Z] Node Version:  v12.19.0
[debug] [2021-10-19T16:01:03.753Z] Time:          Tue Oct 19 2021 22:01:03 GMT+0600 (Bangladesh Standard Time)
[debug] [2021-10-19T16:01:03.754Z] ----------------------------------------------------------------------
[debug] 
[debug] [2021-10-19T16:01:03.822Z] > command requires scopes: ["email","openid","https://www.googleapis.com/auth/cloudplatformprojects.readonly","https://www.googleapis.com/auth/firebase","https://www.googleapis.com/auth/cloud-platform"]
[debug] [2021-10-19T16:01:03.823Z] > authorizing via signed-in user (rabibd.it@gmail.com)
[debug] [2021-10-19T16:01:03.823Z] [iam] checking project asha-general-hospital for permissions ["firebase.projects.get","firebasehosting.sites.update"]
[debug] [2021-10-19T16:01:03.826Z] >>> HTTP REQUEST POST https://cloudresourcemanager.googleapis.com/v1/projects/asha-general-hospital:testIamPermissions  
 {"permissions":["firebase.projects.get","firebasehosting.sites.update"]}
[debug] [2021-10-19T16:01:05.232Z] <<< HTTP RESPONSE 200 {"content-type":"application/json; charset=UTF-8","vary":"X-Origin, Referer, Origin,Accept-Encoding","date":"Tue, 19 Oct 2021 16:01:05 GMT","server":"ESF","cache-control":"private","x-xss-protection":"0","x-frame-options":"SAMEORIGIN","x-content-type-options":"nosniff","server-timing":"gfet4t7; dur=987","alt-svc":"h3=\":443\"; ma=2592000,h3-29=\":443\"; ma=2592000,h3-T051=\":443\"; ma=2592000,h3-Q050=\":443\"; ma=2592000,h3-Q046=\":443\"; ma=2592000,h3-Q043=\":443\"; ma=2592000,quic=\":443\"; ma=2592000; v=\"46,43\"","accept-ranges":"none","transfer-encoding":"chunked"}
[debug] [2021-10-19T16:01:05.236Z] > refreshing access token with scopes: []
[debug] [2021-10-19T16:01:05.237Z] >>> HTTP REQUEST POST https://www.googleapis.com/oauth2/v3/token  
 <request body omitted>
[debug] [2021-10-19T16:01:05.565Z] <<< HTTP RESPONSE 200 {"date":"Tue, 19 Oct 2021 16:01:05 GMT","cache-control":"no-cache, no-store, max-age=0, must-revalidate","pragma":"no-cache","expires":"Mon, 01 Jan 1990 00:00:00 GMT","content-type":"application/json; charset=utf-8","vary":"X-Origin, Referer, Origin,Accept-Encoding","server":"scaffolding on HTTPServer2","x-xss-protection":"0","x-frame-options":"SAMEORIGIN","x-content-type-options":"nosniff","alt-svc":"h3=\":443\"; ma=2592000,h3-29=\":443\"; ma=2592000,h3-T051=\":443\"; ma=2592000,h3-Q050=\":443\"; ma=2592000,h3-Q046=\":443\"; ma=2592000,h3-Q043=\":443\"; ma=2592000,quic=\":443\"; ma=2592000; v=\"46,43\"","accept-ranges":"none","transfer-encoding":"chunked"}
[debug] [2021-10-19T16:01:05.598Z] >>> [apiv2][query] GET https://firebase.googleapis.com/v1beta1/projects/asha-general-hospital [none]
[debug] [2021-10-19T16:01:06.207Z] <<< [apiv2][status] GET https://firebase.googleapis.com/v1beta1/projects/asha-general-hospital 200
[debug] [2021-10-19T16:01:06.208Z] <<< [apiv2][body] GET https://firebase.googleapis.com/v1beta1/projects/asha-general-hospital {"projectId":"asha-general-hospital","projectNumber":"378863743986","displayName":"Asha General Hospital","name":"projects/asha-general-hospital","resources":{"hostingSite":"asha-general-hospital"},"state":"ACTIVE"}
[info] 
[info] === Deploying to 'asha-general-hospital'...
[info] 
[info] i  deploying hosting 
[debug] [2021-10-19T16:01:06.228Z] > refreshing access token with scopes: ["email","https://www.googleapis.com/auth/cloud-platform","https://www.googleapis.com/auth/cloudplatformprojects.readonly","https://www.googleapis.com/auth/firebase","openid"]
[debug] [2021-10-19T16:01:06.228Z] >>> HTTP REQUEST POST https://www.googleapis.com/oauth2/v3/token  
 <request body omitted>
[debug] [2021-10-19T16:01:06.604Z] <<< HTTP RESPONSE 200 {"expires":"Mon, 01 Jan 1990 00:00:00 GMT","pragma":"no-cache","date":"Tue, 19 Oct 2021 16:01:06 GMT","cache-control":"no-cache, no-store, max-age=0, must-revalidate","content-type":"application/json; charset=utf-8","vary":"X-Origin, Referer, Origin,Accept-Encoding","server":"scaffolding on HTTPServer2","x-xss-protection":"0","x-frame-options":"SAMEORIGIN","x-content-type-options":"nosniff","alt-svc":"h3=\":443\"; ma=2592000,h3-29=\":443\"; ma=2592000,h3-T051=\":443\"; ma=2592000,h3-Q050=\":443\"; ma=2592000,h3-Q046=\":443\"; ma=2592000,h3-Q043=\":443\"; ma=2592000,quic=\":443\"; ma=2592000; v=\"46,43\"","accept-ranges":"none","transfer-encoding":"chunked"}
[debug] [2021-10-19T16:01:06.628Z] >>> HTTP REQUEST POST https://firebasehosting.googleapis.com/v1beta1/sites/asha-general-hospital/versions  
 {"config":{"rewrites":[{"glob":"**","path":"/index.html"}]},"labels":{"deployment-tool":"cli-firebase"}}
[debug] [2021-10-19T16:01:08.341Z] <<< HTTP RESPONSE 200 {"content-type":"application/json; charset=UTF-8","vary":"X-Origin, Referer, Origin,Accept-Encoding","date":"Tue, 19 Oct 2021 16:01:08 GMT","server":"ESF","cache-control":"private","x-xss-protection":"0","x-frame-options":"SAMEORIGIN","x-content-type-options":"nosniff","alt-svc":"h3=\":443\"; ma=2592000,h3-29=\":443\"; ma=2592000,h3-T051=\":443\"; ma=2592000,h3-Q050=\":443\"; ma=2592000,h3-Q046=\":443\"; ma=2592000,h3-Q043=\":443\"; ma=2592000,quic=\":443\"; ma=2592000; v=\"46,43\"","accept-ranges":"none","transfer-encoding":"chunked"}
[info] i  hosting[asha-general-hospital]: beginning deploy... 
[info] i  hosting[asha-general-hospital]: found 27 files in build 
[debug] [2021-10-19T16:01:08.678Z] > refreshing access token with scopes: []
[debug] [2021-10-19T16:01:08.678Z] >>> HTTP REQUEST POST https://www.googleapis.com/oauth2/v3/token  
 <request body omitted>
[debug] [2021-10-19T16:01:08.680Z] [hosting] hash cache [YnVpbGQ] stored for 27 files
[debug] [2021-10-19T16:01:08.680Z] [hosting][hash queue][FINAL] {"max":258,"min":38,"avg":54.03703703703704,"active":0,"complete":27,"success":27,"errored":0,"retried":0,"total":27,"elapsed":273}
[debug] [2021-10-19T16:01:08.969Z] <<< HTTP RESPONSE 200 {"cache-control":"no-cache, no-store, max-age=0, must-revalidate","pragma":"no-cache","expires":"Mon, 01 Jan 1990 00:00:00 GMT","date":"Tue, 19 Oct 2021 16:01:09 GMT","content-type":"application/json; charset=utf-8","vary":"X-Origin, Referer, Origin,Accept-Encoding","server":"scaffolding on HTTPServer2","x-xss-protection":"0","x-frame-options":"SAMEORIGIN","x-content-type-options":"nosniff","alt-svc":"h3=\":443\"; ma=2592000,h3-29=\":443\"; ma=2592000,h3-T051=\":443\"; ma=2592000,h3-Q050=\":443\"; ma=2592000,h3-Q046=\":443\"; ma=2592000,h3-Q043=\":443\"; ma=2592000,quic=\":443\"; ma=2592000; v=\"46,43\"","accept-ranges":"none","transfer-encoding":"chunked"}
[debug] [2021-10-19T16:01:08.994Z] >>> [apiv2][query] POST https://firebasehosting.googleapis.com/v1beta1/sites/asha-general-hospital/versions/c7b2ff16b45fc563:populateFiles [none]
[debug] [2021-10-19T16:01:08.995Z] >>> [apiv2][body] POST https://firebasehosting.googleapis.com/v1beta1/sites/asha-general-hospital/versions/c7b2ff16b45fc563:populateFiles {"files":{"/asset-manifest.json":"cc348eac61afdbb09b33135b96730abb70c201370178345ae2a989d7b198bfc9","/index.html":"fe7abbe868da584ac723f23514c8abaf76f8622319414fcafb3681309064dd12","/doctors.json":"cdaae45fe4edfb4981415c2ec120022e59410072a063e9535f7781ba7964818d","/manifest.json":"aff3449bdc238776f5d6d967f19ec491b36aed5fb7f23ccff6500736fd58494a","/robots.txt":"bfe106a3fb878dc83461c86818bf74fc1bdc7f28538ba613cd3e775516ce8b49","/favicon.ico":"eae62e993eb980ec8a25058c39d5a51feab118bd2100c4deebb2a9c158ec11f9","/logo192.png":"3ee59515172ee198f3be375979df15ac5345183e656720a381b8872b2a39dc8b","/logo512.png":"ee7e2f3fdb8209c4b6fd7bef6ba50d1b9dba30a25bb5c3126df057e1cb6f5331","/static/css/main.bf00c9d0.chunk.css":"ec949062957d857edb6a8c0f40125919abbd11396d723c125e485d185a1804a7","/services.json":"e1667229eb9c3051a1c2122da8339365850e0a2d6a566d1a8f1a8810a53ea5c2","/static/css/main.bf00c9d0.chunk.css.map":"8a1913d93c5cf38ee3662fd9ab0c8d0524ccb26c5cc9c4a849febfe6dd498211","/sliders.json":"2522a048075c988930a851bca305db3e673909ce407795dfc3ce4e5c8ba99374","/static/js/2.216a7406.chunk.js.LICENSE.txt":"aea587baccbeb03e4b14386f5248ba83b32bc7d6da081537025be9ebb4ad69b5","/static/js/3.c454b2d5.chunk.js":"a62a1ce89e38753829097910acb0b25a3e71feaa3415fbda43f3f4df1c35c3ff","/static/js/3.c454b2d5.chunk.js.map":"073033ec0d4ffbb5ad060eb0a333bd01f797370b30aaad60385aee181e210db8","/static/js/runtime-main.760a11a0.js":"8197af382ef8a30bc228d7d4c8355b3151078f69c068444a115c6ceba0a568bc","/static/js/main.d8548288.chunk.js":"57ba46a9ab3824be1dbb67edf41dc7bbd43e29f0632d1a09712189917628ed9b","/static/js/runtime-main.760a11a0.js.map":"6699b9e1400a65f7760f304174dd264d34c58ab1c2686fd203d368cfe06c0779","/static/js/main.d8548288.chunk.js.map":"a49bf0a2646671d94be9d0f70ffd7bb6aab3489c91e777795f090137b55d0c8c","/static/css/2.28bb0c3d.chunk.css":"6eee2552d337afe673b0f5c2d157c45334b6978b37cee16337c5611f99b7544e","/static/media/about.9bb45153.jpg":"c677262ce5be53da580e2c87e11ba93751df8e143cae243bbc022c432d9bdf42","/static/media/breadcrumb.f7feae26.jpg":"8e4c48456b37691d56c97f8f3dbc1f3ab68a234d72eaf149e2bd8c613ae35633","/static/media/404-bg.dd080258.jpg":"79868fc80d3e49fda3a3dcc33fff187da4d12a8a96445c2d7df97a1279a49741","/static/media/why-choose-us-bg.202bf8f2.jpg":"aea69e2826d58909ecf19e134db48d13f389fa8fbf22fe14179324623cdb772c","/static/js/2.216a7406.chunk.js":"8a13e4b0ec63dd54be52a1a0294c91fad6a00246ded2701735d10b15d8eba01f","/static/css/2.28bb0c3d.chunk.css.map":"e63fd62293c45da0301d03b0bf6b3e830303432da12dfe030c4af40e28981401","/static/js/2.216a7406.chunk.js.map":"96863d25812a684130bf7a46e00e3633ffd718230d2a67d74923c0b44acc0e16"}}
[debug] [2021-10-19T16:01:10.577Z] <<< [apiv2][status] POST https://firebasehosting.googleapis.com/v1beta1/sites/asha-general-hospital/versions/c7b2ff16b45fc563:populateFiles 200
[debug] [2021-10-19T16:01:10.577Z] <<< [apiv2][body] POST https://firebasehosting.googleapis.com/v1beta1/sites/asha-general-hospital/versions/c7b2ff16b45fc563:populateFiles {"uploadRequiredHashes":["aea69e2826d58909ecf19e134db48d13f389fa8fbf22fe14179324623cdb772c","aff3449bdc238776f5d6d967f19ec491b36aed5fb7f23ccff6500736fd58494a","e1667229eb9c3051a1c2122da8339365850e0a2d6a566d1a8f1a8810a53ea5c2","2522a048075c988930a851bca305db3e673909ce407795dfc3ce4e5c8ba99374","073033ec0d4ffbb5ad060eb0a333bd01f797370b30aaad60385aee181e210db8","ec949062957d857edb6a8c0f40125919abbd11396d723c125e485d185a1804a7","96863d25812a684130bf7a46e00e3633ffd718230d2a67d74923c0b44acc0e16","e63fd62293c45da0301d03b0bf6b3e830303432da12dfe030c4af40e28981401","3ee59515172ee198f3be375979df15ac5345183e656720a381b8872b2a39dc8b","aea587baccbeb03e4b14386f5248ba83b32bc7d6da081537025be9ebb4ad69b5","fe7abbe868da584ac723f23514c8abaf76f8622319414fcafb3681309064dd12","a62a1ce89e38753829097910acb0b25a3e71feaa3415fbda43f3f4df1c35c3ff","57ba46a9ab3824be1dbb67edf41dc7bbd43e29f0632d1a09712189917628ed9b","a49bf0a2646671d94be9d0f70ffd7bb6aab3489c91e777795f090137b55d0c8c","8197af382ef8a30bc228d7d4c8355b3151078f69c068444a115c6ceba0a568bc","8a1913d93c5cf38ee3662fd9ab0c8d0524ccb26c5cc9c4a849febfe6dd498211","cdaae45fe4edfb4981415c2ec120022e59410072a063e9535f7781ba7964818d","cc348eac61afdbb09b33135b96730abb70c201370178345ae2a989d7b198bfc9","c677262ce5be53da580e2c87e11ba93751df8e143cae243bbc022c432d9bdf42","79868fc80d3e49fda3a3dcc33fff187da4d12a8a96445c2d7df97a1279a49741","6699b9e1400a65f7760f304174dd264d34c58ab1c2686fd203d368cfe06c0779","8e4c48456b37691d56c97f8f3dbc1f3ab68a234d72eaf149e2bd8c613ae35633","ee7e2f3fdb8209c4b6fd7bef6ba50d1b9dba30a25bb5c3126df057e1cb6f5331","bfe106a3fb878dc83461c86818bf74fc1bdc7f28538ba613cd3e775516ce8b49","eae62e993eb980ec8a25058c39d5a51feab118bd2100c4deebb2a9c158ec11f9","8a13e4b0ec63dd54be52a1a0294c91fad6a00246ded2701735d10b15d8eba01f","6eee2552d337afe673b0f5c2d157c45334b6978b37cee16337c5611f99b7544e"],"uploadUrl":"https://upload-firebasehosting.googleapis.com/upload/sites/asha-general-hospital/versions/c7b2ff16b45fc563/files"}
[debug] [2021-10-19T16:01:10.596Z] >>> [apiv2][query] POST https://upload-firebasehosting.googleapis.com/upload/sites/asha-general-hospital/versions/c7b2ff16b45fc563/files/aea69e2826d58909ecf19e134db48d13f389fa8fbf22fe14179324623cdb772c [none]
[debug] [2021-10-19T16:01:10.596Z] >>> [apiv2][body] POST https://upload-firebasehosting.googleapis.com/upload/sites/asha-general-hospital/versions/c7b2ff16b45fc563/files/aea69e2826d58909ecf19e134db48d13f389fa8fbf22fe14179324623cdb772c [stream]
[debug] [2021-10-19T16:01:10.600Z] >>> [apiv2][query] POST https://upload-firebasehosting.googleapis.com/upload/sites/asha-general-hospital/versions/c7b2ff16b45fc563/files/aff3449bdc238776f5d6d967f19ec491b36aed5fb7f23ccff6500736fd58494a [none]
[debug] [2021-10-19T16:01:10.600Z] >>> [apiv2][body] POST https://upload-firebasehosting.googleapis.com/upload/sites/asha-general-hospital/versions/c7b2ff16b45fc563/files/aff3449bdc238776f5d6d967f19ec491b36aed5fb7f23ccff6500736fd58494a [stream]
[debug] [2021-10-19T16:01:10.604Z] >>> [apiv2][query] POST https://upload-firebasehosting.googleapis.com/upload/sites/asha-general-hospital/versions/c7b2ff16b45fc563/files/e1667229eb9c3051a1c2122da8339365850e0a2d6a566d1a8f1a8810a53ea5c2 [none]
[debug] [2021-10-19T16:01:10.604Z] >>> [apiv2][body] POST https://upload-firebasehosting.googleapis.com/upload/sites/asha-general-hospital/versions/c7b2ff16b45fc563/files/e1667229eb9c3051a1c2122da8339365850e0a2d6a566d1a8f1a8810a53ea5c2 [stream]
[debug] [2021-10-19T16:01:10.607Z] >>> [apiv2][query] POST https://upload-firebasehosting.googleapis.com/upload/sites/asha-general-hospital/versions/c7b2ff16b45fc563/files/2522a048075c988930a851bca305db3e673909ce407795dfc3ce4e5c8ba99374 [none]
[debug] [2021-10-19T16:01:10.608Z] >>> [apiv2][body] POST https://upload-firebasehosting.googleapis.com/upload/sites/asha-general-hospital/versions/c7b2ff16b45fc563/files/2522a048075c988930a851bca305db3e673909ce407795dfc3ce4e5c8ba99374 [stream]
[debug] [2021-10-19T16:01:10.612Z] >>> [apiv2][query] POST https://upload-firebasehosting.googleapis.com/upload/sites/asha-general-hospital/versions/c7b2ff16b45fc563/files/073033ec0d4ffbb5ad060eb0a333bd01f797370b30aaad60385aee181e210db8 [none]
[debug] [2021-10-19T16:01:10.612Z] >>> [apiv2][body] POST https://upload-firebasehosting.googleapis.com/upload/sites/asha-general-hospital/versions/c7b2ff16b45fc563/files/073033ec0d4ffbb5ad060eb0a333bd01f797370b30aaad60385aee181e210db8 [stream]
[debug] [2021-10-19T16:01:10.616Z] >>> [apiv2][query] POST https://upload-firebasehosting.googleapis.com/upload/sites/asha-general-hospital/versions/c7b2ff16b45fc563/files/ec949062957d857edb6a8c0f40125919abbd11396d723c125e485d185a1804a7 [none]
[debug] [2021-10-19T16:01:10.616Z] >>> [apiv2][body] POST https://upload-firebasehosting.googleapis.com/upload/sites/asha-general-hospital/versions/c7b2ff16b45fc563/files/ec949062957d857edb6a8c0f40125919abbd11396d723c125e485d185a1804a7 [stream]
[debug] [2021-10-19T16:01:10.620Z] >>> [apiv2][query] POST https://upload-firebasehosting.googleapis.com/upload/sites/asha-general-hospital/versions/c7b2ff16b45fc563/files/96863d25812a684130bf7a46e00e3633ffd718230d2a67d74923c0b44acc0e16 [none]
[debug] [2021-10-19T16:01:10.620Z] >>> [apiv2][body] POST https://upload-firebasehosting.googleapis.com/upload/sites/asha-general-hospital/versions/c7b2ff16b45fc563/files/96863d25812a684130bf7a46e00e3633ffd718230d2a67d74923c0b44acc0e16 [stream]
[debug] [2021-10-19T16:01:10.623Z] >>> [apiv2][query] POST https://upload-firebasehosting.googleapis.com/upload/sites/asha-general-hospital/versions/c7b2ff16b45fc563/files/e63fd62293c45da0301d03b0bf6b3e830303432da12dfe030c4af40e28981401 [none]
[debug] [2021-10-19T16:01:10.623Z] >>> [apiv2][body] POST https://upload-firebasehosting.googleapis.com/upload/sites/asha-general-hospital/versions/c7b2ff16b45fc563/files/e63fd62293c45da0301d03b0bf6b3e830303432da12dfe030c4af40e28981401 [stream]
[debug] [2021-10-19T16:01:10.626Z] >>> [apiv2][query] POST https://upload-firebasehosting.googleapis.com/upload/sites/asha-general-hospital/versions/c7b2ff16b45fc563/files/3ee59515172ee198f3be375979df15ac5345183e656720a381b8872b2a39dc8b [none]
[debug] [2021-10-19T16:01:10.626Z] >>> [apiv2][body] POST https://upload-firebasehosting.googleapis.com/upload/sites/asha-general-hospital/versions/c7b2ff16b45fc563/files/3ee59515172ee198f3be375979df15ac5345183e656720a381b8872b2a39dc8b [stream]
[debug] [2021-10-19T16:01:10.628Z] >>> [apiv2][query] POST https://upload-firebasehosting.googleapis.com/upload/sites/asha-general-hospital/versions/c7b2ff16b45fc563/files/aea587baccbeb03e4b14386f5248ba83b32bc7d6da081537025be9ebb4ad69b5 [none]
[debug] [2021-10-19T16:01:10.628Z] >>> [apiv2][body] POST https://upload-firebasehosting.googleapis.com/upload/sites/asha-general-hospital/versions/c7b2ff16b45fc563/files/aea587baccbeb03e4b14386f5248ba83b32bc7d6da081537025be9ebb4ad69b5 [stream]
[debug] [2021-10-19T16:01:10.631Z] >>> [apiv2][query] POST https://upload-firebasehosting.googleapis.com/upload/sites/asha-general-hospital/versions/c7b2ff16b45fc563/files/fe7abbe868da584ac723f23514c8abaf76f8622319414fcafb3681309064dd12 [none]
[debug] [2021-10-19T16:01:10.631Z] >>> [apiv2][body] POST https://upload-firebasehosting.googleapis.com/upload/sites/asha-general-hospital/versions/c7b2ff16b45fc563/files/fe7abbe868da584ac723f23514c8abaf76f8622319414fcafb3681309064dd12 [stream]
[debug] [2021-10-19T16:01:10.634Z] >>> [apiv2][query] POST https://upload-firebasehosting.googleapis.com/upload/sites/asha-general-hospital/versions/c7b2ff16b45fc563/files/a62a1ce89e38753829097910acb0b25a3e71feaa3415fbda43f3f4df1c35c3ff [none]
[debug] [2021-10-19T16:01:10.634Z] >>> [apiv2][body] POST https://upload-firebasehosting.googleapis.com/upload/sites/asha-general-hospital/versions/c7b2ff16b45fc563/files/a62a1ce89e38753829097910acb0b25a3e71feaa3415fbda43f3f4df1c35c3ff [stream]
[debug] [2021-10-19T16:01:10.637Z] >>> [apiv2][query] POST https://upload-firebasehosting.googleapis.com/upload/sites/asha-general-hospital/versions/c7b2ff16b45fc563/files/57ba46a9ab3824be1dbb67edf41dc7bbd43e29f0632d1a09712189917628ed9b [none]
[debug] [2021-10-19T16:01:10.637Z] >>> [apiv2][body] POST https://upload-firebasehosting.googleapis.com/upload/sites/asha-general-hospital/versions/c7b2ff16b45fc563/files/57ba46a9ab3824be1dbb67edf41dc7bbd43e29f0632d1a09712189917628ed9b [stream]
[debug] [2021-10-19T16:01:10.640Z] >>> [apiv2][query] POST https://upload-firebasehosting.googleapis.com/upload/sites/asha-general-hospital/versions/c7b2ff16b45fc563/files/a49bf0a2646671d94be9d0f70ffd7bb6aab3489c91e777795f090137b55d0c8c [none]
[debug] [2021-10-19T16:01:10.640Z] >>> [apiv2][body] POST https://upload-firebasehosting.googleapis.com/upload/sites/asha-general-hospital/versions/c7b2ff16b45fc563/files/a49bf0a2646671d94be9d0f70ffd7bb6aab3489c91e777795f090137b55d0c8c [stream]
[debug] [2021-10-19T16:01:10.642Z] >>> [apiv2][query] POST https://upload-firebasehosting.googleapis.com/upload/sites/asha-general-hospital/versions/c7b2ff16b45fc563/files/8197af382ef8a30bc228d7d4c8355b3151078f69c068444a115c6ceba0a568bc [none]
[debug] [2021-10-19T16:01:10.643Z] >>> [apiv2][body] POST https://upload-firebasehosting.googleapis.com/upload/sites/asha-general-hospital/versions/c7b2ff16b45fc563/files/8197af382ef8a30bc228d7d4c8355b3151078f69c068444a115c6ceba0a568bc [stream]
[debug] [2021-10-19T16:01:10.645Z] >>> [apiv2][query] POST https://upload-firebasehosting.googleapis.com/upload/sites/asha-general-hospital/versions/c7b2ff16b45fc563/files/8a1913d93c5cf38ee3662fd9ab0c8d0524ccb26c5cc9c4a849febfe6dd498211 [none]
[debug] [2021-10-19T16:01:10.645Z] >>> [apiv2][body] POST https://upload-firebasehosting.googleapis.com/upload/sites/asha-general-hospital/versions/c7b2ff16b45fc563/files/8a1913d93c5cf38ee3662fd9ab0c8d0524ccb26c5cc9c4a849febfe6dd498211 [stream]
[debug] [2021-10-19T16:01:10.647Z] >>> [apiv2][query] POST https://upload-firebasehosting.googleapis.com/upload/sites/asha-general-hospital/versions/c7b2ff16b45fc563/files/cdaae45fe4edfb4981415c2ec120022e59410072a063e9535f7781ba7964818d [none]
[debug] [2021-10-19T16:01:10.647Z] >>> [apiv2][body] POST https://upload-firebasehosting.googleapis.com/upload/sites/asha-general-hospital/versions/c7b2ff16b45fc563/files/cdaae45fe4edfb4981415c2ec120022e59410072a063e9535f7781ba7964818d [stream]
[debug] [2021-10-19T16:01:10.650Z] >>> [apiv2][query] POST https://upload-firebasehosting.googleapis.com/upload/sites/asha-general-hospital/versions/c7b2ff16b45fc563/files/cc348eac61afdbb09b33135b96730abb70c201370178345ae2a989d7b198bfc9 [none]
[debug] [2021-10-19T16:01:10.650Z] >>> [apiv2][body] POST https://upload-firebasehosting.googleapis.com/upload/sites/asha-general-hospital/versions/c7b2ff16b45fc563/files/cc348eac61afdbb09b33135b96730abb70c201370178345ae2a989d7b198bfc9 [stream]
[debug] [2021-10-19T16:01:10.655Z] >>> [apiv2][query] POST https://upload-firebasehosting.googleapis.com/upload/sites/asha-general-hospital/versions/c7b2ff16b45fc563/files/c677262ce5be53da580e2c87e11ba93751df8e143cae243bbc022c432d9bdf42 [none]
[debug] [2021-10-19T16:01:10.656Z] >>> [apiv2][body] POST https://upload-firebasehosting.googleapis.com/upload/sites/asha-general-hospital/versions/c7b2ff16b45fc563/files/c677262ce5be53da580e2c87e11ba93751df8e143cae243bbc022c432d9bdf42 [stream]
[debug] [2021-10-19T16:01:10.657Z] >>> [apiv2][query] POST https://upload-firebasehosting.googleapis.com/upload/sites/asha-general-hospital/versions/c7b2ff16b45fc563/files/79868fc80d3e49fda3a3dcc33fff187da4d12a8a96445c2d7df97a1279a49741 [none]
[debug] [2021-10-19T16:01:10.657Z] >>> [apiv2][body] POST https://upload-firebasehosting.googleapis.com/upload/sites/asha-general-hospital/versions/c7b2ff16b45fc563/files/79868fc80d3e49fda3a3dcc33fff187da4d12a8a96445c2d7df97a1279a49741 [stream]
[debug] [2021-10-19T16:01:10.659Z] >>> [apiv2][query] POST https://upload-firebasehosting.googleapis.com/upload/sites/asha-general-hospital/versions/c7b2ff16b45fc563/files/6699b9e1400a65f7760f304174dd264d34c58ab1c2686fd203d368cfe06c0779 [none]
[debug] [2021-10-19T16:01:10.659Z] >>> [apiv2][body] POST https://upload-firebasehosting.googleapis.com/upload/sites/asha-general-hospital/versions/c7b2ff16b45fc563/files/6699b9e1400a65f7760f304174dd264d34c58ab1c2686fd203d368cfe06c0779 [stream]
[debug] [2021-10-19T16:01:10.661Z] >>> [apiv2][query] POST https://upload-firebasehosting.googleapis.com/upload/sites/asha-general-hospital/versions/c7b2ff16b45fc563/files/8e4c48456b37691d56c97f8f3dbc1f3ab68a234d72eaf149e2bd8c613ae35633 [none]
[debug] [2021-10-19T16:01:10.661Z] >>> [apiv2][body] POST https://upload-firebasehosting.googleapis.com/upload/sites/asha-general-hospital/versions/c7b2ff16b45fc563/files/8e4c48456b37691d56c97f8f3dbc1f3ab68a234d72eaf149e2bd8c613ae35633 [stream]
[debug] [2021-10-19T16:01:10.666Z] >>> [apiv2][query] POST https://upload-firebasehosting.googleapis.com/upload/sites/asha-general-hospital/versions/c7b2ff16b45fc563/files/ee7e2f3fdb8209c4b6fd7bef6ba50d1b9dba30a25bb5c3126df057e1cb6f5331 [none]
[debug] [2021-10-19T16:01:10.667Z] >>> [apiv2][body] POST https://upload-firebasehosting.googleapis.com/upload/sites/asha-general-hospital/versions/c7b2ff16b45fc563/files/ee7e2f3fdb8209c4b6fd7bef6ba50d1b9dba30a25bb5c3126df057e1cb6f5331 [stream]
[debug] [2021-10-19T16:01:10.671Z] >>> [apiv2][query] POST https://upload-firebasehosting.googleapis.com/upload/sites/asha-general-hospital/versions/c7b2ff16b45fc563/files/bfe106a3fb878dc83461c86818bf74fc1bdc7f28538ba613cd3e775516ce8b49 [none]
[debug] [2021-10-19T16:01:10.671Z] >>> [apiv2][body] POST https://upload-firebasehosting.googleapis.com/upload/sites/asha-general-hospital/versions/c7b2ff16b45fc563/files/bfe106a3fb878dc83461c86818bf74fc1bdc7f28538ba613cd3e775516ce8b49 [stream]
[debug] [2021-10-19T16:01:10.672Z] >>> [apiv2][query] POST https://upload-firebasehosting.googleapis.com/upload/sites/asha-general-hospital/versions/c7b2ff16b45fc563/files/eae62e993eb980ec8a25058c39d5a51feab118bd2100c4deebb2a9c158ec11f9 [none]
[debug] [2021-10-19T16:01:10.672Z] >>> [apiv2][body] POST https://upload-firebasehosting.googleapis.com/upload/sites/asha-general-hospital/versions/c7b2ff16b45fc563/files/eae62e993eb980ec8a25058c39d5a51feab118bd2100c4deebb2a9c158ec11f9 [stream]
[debug] [2021-10-19T16:01:10.673Z] >>> [apiv2][query] POST https://upload-firebasehosting.googleapis.com/upload/sites/asha-general-hospital/versions/c7b2ff16b45fc563/files/8a13e4b0ec63dd54be52a1a0294c91fad6a00246ded2701735d10b15d8eba01f [none]
[debug] [2021-10-19T16:01:10.674Z] >>> [apiv2][body] POST https://upload-firebasehosting.googleapis.com/upload/sites/asha-general-hospital/versions/c7b2ff16b45fc563/files/8a13e4b0ec63dd54be52a1a0294c91fad6a00246ded2701735d10b15d8eba01f [stream]
[debug] [2021-10-19T16:01:10.676Z] >>> [apiv2][query] POST https://upload-firebasehosting.googleapis.com/upload/sites/asha-general-hospital/versions/c7b2ff16b45fc563/files/6eee2552d337afe673b0f5c2d157c45334b6978b37cee16337c5611f99b7544e [none]
[debug] [2021-10-19T16:01:10.676Z] >>> [apiv2][body] POST https://upload-firebasehosting.googleapis.com/upload/sites/asha-general-hospital/versions/c7b2ff16b45fc563/files/6eee2552d337afe673b0f5c2d157c45334b6978b37cee16337c5611f99b7544e [stream]
[debug] [2021-10-19T16:01:10.677Z] [hosting][populate queue][FINAL] {"max":1918,"min":1918,"avg":1918,"active":0,"complete":1,"success":1,"errored":0,"retried":0,"total":1,"elapsed":2000}
[debug] [2021-10-19T16:01:10.678Z] [hosting] uploads queued: 27
[debug] [2021-10-19T16:01:12.248Z] <<< [apiv2][status] POST https://upload-firebasehosting.googleapis.com/upload/sites/asha-general-hospital/versions/c7b2ff16b45fc563/files/eae62e993eb980ec8a25058c39d5a51feab118bd2100c4deebb2a9c158ec11f9 200
[debug] [2021-10-19T16:01:12.248Z] <<< [apiv2][body] POST https://upload-firebasehosting.googleapis.com/upload/sites/asha-general-hospital/versions/c7b2ff16b45fc563/files/eae62e993eb980ec8a25058c39d5a51feab118bd2100c4deebb2a9c158ec11f9 [stream]
[debug] [2021-10-19T16:01:12.311Z] <<< [apiv2][status] POST https://upload-firebasehosting.googleapis.com/upload/sites/asha-general-hospital/versions/c7b2ff16b45fc563/files/ee7e2f3fdb8209c4b6fd7bef6ba50d1b9dba30a25bb5c3126df057e1cb6f5331 200
[debug] [2021-10-19T16:01:12.311Z] <<< [apiv2][body] POST https://upload-firebasehosting.googleapis.com/upload/sites/asha-general-hospital/versions/c7b2ff16b45fc563/files/ee7e2f3fdb8209c4b6fd7bef6ba50d1b9dba30a25bb5c3126df057e1cb6f5331 [stream]
[debug] [2021-10-19T16:01:12.314Z] <<< [apiv2][status] POST https://upload-firebasehosting.googleapis.com/upload/sites/asha-general-hospital/versions/c7b2ff16b45fc563/files/aea587baccbeb03e4b14386f5248ba83b32bc7d6da081537025be9ebb4ad69b5 200
[debug] [2021-10-19T16:01:12.314Z] <<< [apiv2][body] POST https://upload-firebasehosting.googleapis.com/upload/sites/asha-general-hospital/versions/c7b2ff16b45fc563/files/aea587baccbeb03e4b14386f5248ba83b32bc7d6da081537025be9ebb4ad69b5 [stream]
[debug] [2021-10-19T16:01:12.316Z] <<< [apiv2][status] POST https://upload-firebasehosting.googleapis.com/upload/sites/asha-general-hospital/versions/c7b2ff16b45fc563/files/ec949062957d857edb6a8c0f40125919abbd11396d723c125e485d185a1804a7 200
[debug] [2021-10-19T16:01:12.316Z] <<< [apiv2][body] POST https://upload-firebasehosting.googleapis.com/upload/sites/asha-general-hospital/versions/c7b2ff16b45fc563/files/ec949062957d857edb6a8c0f40125919abbd11396d723c125e485d185a1804a7 [stream]
[debug] [2021-10-19T16:01:12.379Z] <<< [apiv2][status] POST https://upload-firebasehosting.googleapis.com/upload/sites/asha-general-hospital/versions/c7b2ff16b45fc563/files/fe7abbe868da584ac723f23514c8abaf76f8622319414fcafb3681309064dd12 200
[debug] [2021-10-19T16:01:12.379Z] <<< [apiv2][body] POST https://upload-firebasehosting.googleapis.com/upload/sites/asha-general-hospital/versions/c7b2ff16b45fc563/files/fe7abbe868da584ac723f23514c8abaf76f8622319414fcafb3681309064dd12 [stream]
[debug] [2021-10-19T16:01:12.397Z] <<< [apiv2][status] POST https://upload-firebasehosting.googleapis.com/upload/sites/asha-general-hospital/versions/c7b2ff16b45fc563/files/8a1913d93c5cf38ee3662fd9ab0c8d0524ccb26c5cc9c4a849febfe6dd498211 200
[debug] [2021-10-19T16:01:12.398Z] <<< [apiv2][body] POST https://upload-firebasehosting.googleapis.com/upload/sites/asha-general-hospital/versions/c7b2ff16b45fc563/files/8a1913d93c5cf38ee3662fd9ab0c8d0524ccb26c5cc9c4a849febfe6dd498211 [stream]
[debug] [2021-10-19T16:01:12.422Z] <<< [apiv2][status] POST https://upload-firebasehosting.googleapis.com/upload/sites/asha-general-hospital/versions/c7b2ff16b45fc563/files/073033ec0d4ffbb5ad060eb0a333bd01f797370b30aaad60385aee181e210db8 200
[debug] [2021-10-19T16:01:12.422Z] <<< [apiv2][body] POST https://upload-firebasehosting.googleapis.com/upload/sites/asha-general-hospital/versions/c7b2ff16b45fc563/files/073033ec0d4ffbb5ad060eb0a333bd01f797370b30aaad60385aee181e210db8 [stream]
[debug] [2021-10-19T16:01:12.490Z] <<< [apiv2][status] POST https://upload-firebasehosting.googleapis.com/upload/sites/asha-general-hospital/versions/c7b2ff16b45fc563/files/a49bf0a2646671d94be9d0f70ffd7bb6aab3489c91e777795f090137b55d0c8c 200
[debug] [2021-10-19T16:01:12.491Z] <<< [apiv2][body] POST https://upload-firebasehosting.googleapis.com/upload/sites/asha-general-hospital/versions/c7b2ff16b45fc563/files/a49bf0a2646671d94be9d0f70ffd7bb6aab3489c91e777795f090137b55d0c8c [stream]
[debug] [2021-10-19T16:01:12.501Z] <<< [apiv2][status] POST https://upload-firebasehosting.googleapis.com/upload/sites/asha-general-hospital/versions/c7b2ff16b45fc563/files/6eee2552d337afe673b0f5c2d157c45334b6978b37cee16337c5611f99b7544e 200
[debug] [2021-10-19T16:01:12.502Z] <<< [apiv2][body] POST https://upload-firebasehosting.googleapis.com/upload/sites/asha-general-hospital/versions/c7b2ff16b45fc563/files/6eee2552d337afe673b0f5c2d157c45334b6978b37cee16337c5611f99b7544e [stream]
[debug] [2021-10-19T16:01:12.584Z] <<< [apiv2][status] POST https://upload-firebasehosting.googleapis.com/upload/sites/asha-general-hospital/versions/c7b2ff16b45fc563/files/e1667229eb9c3051a1c2122da8339365850e0a2d6a566d1a8f1a8810a53ea5c2 200
[debug] [2021-10-19T16:01:12.585Z] <<< [apiv2][body] POST https://upload-firebasehosting.googleapis.com/upload/sites/asha-general-hospital/versions/c7b2ff16b45fc563/files/e1667229eb9c3051a1c2122da8339365850e0a2d6a566d1a8f1a8810a53ea5c2 [stream]
[debug] [2021-10-19T16:01:12.746Z] <<< [apiv2][status] POST https://upload-firebasehosting.googleapis.com/upload/sites/asha-general-hospital/versions/c7b2ff16b45fc563/files/aff3449bdc238776f5d6d967f19ec491b36aed5fb7f23ccff6500736fd58494a 200
[debug] [2021-10-19T16:01:12.747Z] <<< [apiv2][body] POST https://upload-firebasehosting.googleapis.com/upload/sites/asha-general-hospital/versions/c7b2ff16b45fc563/files/aff3449bdc238776f5d6d967f19ec491b36aed5fb7f23ccff6500736fd58494a [stream]
[debug] [2021-10-19T16:01:12.815Z] <<< [apiv2][status] POST https://upload-firebasehosting.googleapis.com/upload/sites/asha-general-hospital/versions/c7b2ff16b45fc563/files/8e4c48456b37691d56c97f8f3dbc1f3ab68a234d72eaf149e2bd8c613ae35633 200
[debug] [2021-10-19T16:01:12.815Z] <<< [apiv2][body] POST https://upload-firebasehosting.googleapis.com/upload/sites/asha-general-hospital/versions/c7b2ff16b45fc563/files/8e4c48456b37691d56c97f8f3dbc1f3ab68a234d72eaf149e2bd8c613ae35633 [stream]
[debug] [2021-10-19T16:01:12.825Z] <<< [apiv2][status] POST https://upload-firebasehosting.googleapis.com/upload/sites/asha-general-hospital/versions/c7b2ff16b45fc563/files/c677262ce5be53da580e2c87e11ba93751df8e143cae243bbc022c432d9bdf42 200
[debug] [2021-10-19T16:01:12.826Z] <<< [apiv2][body] POST https://upload-firebasehosting.googleapis.com/upload/sites/asha-general-hospital/versions/c7b2ff16b45fc563/files/c677262ce5be53da580e2c87e11ba93751df8e143cae243bbc022c432d9bdf42 [stream]
[debug] [2021-10-19T16:01:12.896Z] <<< [apiv2][status] POST https://upload-firebasehosting.googleapis.com/upload/sites/asha-general-hospital/versions/c7b2ff16b45fc563/files/3ee59515172ee198f3be375979df15ac5345183e656720a381b8872b2a39dc8b 200
[debug] [2021-10-19T16:01:12.896Z] <<< [apiv2][body] POST https://upload-firebasehosting.googleapis.com/upload/sites/asha-general-hospital/versions/c7b2ff16b45fc563/files/3ee59515172ee198f3be375979df15ac5345183e656720a381b8872b2a39dc8b [stream]
[debug] [2021-10-19T16:01:12.915Z] <<< [apiv2][status] POST https://upload-firebasehosting.googleapis.com/upload/sites/asha-general-hospital/versions/c7b2ff16b45fc563/files/79868fc80d3e49fda3a3dcc33fff187da4d12a8a96445c2d7df97a1279a49741 200
[debug] [2021-10-19T16:01:12.915Z] <<< [apiv2][body] POST https://upload-firebasehosting.googleapis.com/upload/sites/asha-general-hospital/versions/c7b2ff16b45fc563/files/79868fc80d3e49fda3a3dcc33fff187da4d12a8a96445c2d7df97a1279a49741 [stream]
[debug] [2021-10-19T16:01:12.943Z] <<< [apiv2][status] POST https://upload-firebasehosting.googleapis.com/upload/sites/asha-general-hospital/versions/c7b2ff16b45fc563/files/bfe106a3fb878dc83461c86818bf74fc1bdc7f28538ba613cd3e775516ce8b49 200
[debug] [2021-10-19T16:01:12.944Z] <<< [apiv2][body] POST https://upload-firebasehosting.googleapis.com/upload/sites/asha-general-hospital/versions/c7b2ff16b45fc563/files/bfe106a3fb878dc83461c86818bf74fc1bdc7f28538ba613cd3e775516ce8b49 [stream]
[debug] [2021-10-19T16:01:12.956Z] <<< [apiv2][status] POST https://upload-firebasehosting.googleapis.com/upload/sites/asha-general-hospital/versions/c7b2ff16b45fc563/files/57ba46a9ab3824be1dbb67edf41dc7bbd43e29f0632d1a09712189917628ed9b 200
[debug] [2021-10-19T16:01:12.956Z] <<< [apiv2][body] POST https://upload-firebasehosting.googleapis.com/upload/sites/asha-general-hospital/versions/c7b2ff16b45fc563/files/57ba46a9ab3824be1dbb67edf41dc7bbd43e29f0632d1a09712189917628ed9b [stream]
[debug] [2021-10-19T16:01:12.965Z] <<< [apiv2][status] POST https://upload-firebasehosting.googleapis.com/upload/sites/asha-general-hospital/versions/c7b2ff16b45fc563/files/8a13e4b0ec63dd54be52a1a0294c91fad6a00246ded2701735d10b15d8eba01f 200
[debug] [2021-10-19T16:01:12.965Z] <<< [apiv2][body] POST https://upload-firebasehosting.googleapis.com/upload/sites/asha-general-hospital/versions/c7b2ff16b45fc563/files/8a13e4b0ec63dd54be52a1a0294c91fad6a00246ded2701735d10b15d8eba01f [stream]
[debug] [2021-10-19T16:01:13.025Z] <<< [apiv2][status] POST https://upload-firebasehosting.googleapis.com/upload/sites/asha-general-hospital/versions/c7b2ff16b45fc563/files/2522a048075c988930a851bca305db3e673909ce407795dfc3ce4e5c8ba99374 200
[debug] [2021-10-19T16:01:13.026Z] <<< [apiv2][body] POST https://upload-firebasehosting.googleapis.com/upload/sites/asha-general-hospital/versions/c7b2ff16b45fc563/files/2522a048075c988930a851bca305db3e673909ce407795dfc3ce4e5c8ba99374 [stream]
[debug] [2021-10-19T16:01:13.028Z] <<< [apiv2][status] POST https://upload-firebasehosting.googleapis.com/upload/sites/asha-general-hospital/versions/c7b2ff16b45fc563/files/aea69e2826d58909ecf19e134db48d13f389fa8fbf22fe14179324623cdb772c 200
[debug] [2021-10-19T16:01:13.028Z] <<< [apiv2][body] POST https://upload-firebasehosting.googleapis.com/upload/sites/asha-general-hospital/versions/c7b2ff16b45fc563/files/aea69e2826d58909ecf19e134db48d13f389fa8fbf22fe14179324623cdb772c [stream]
[debug] [2021-10-19T16:01:13.030Z] <<< [apiv2][status] POST https://upload-firebasehosting.googleapis.com/upload/sites/asha-general-hospital/versions/c7b2ff16b45fc563/files/cc348eac61afdbb09b33135b96730abb70c201370178345ae2a989d7b198bfc9 200
[debug] [2021-10-19T16:01:13.031Z] <<< [apiv2][body] POST https://upload-firebasehosting.googleapis.com/upload/sites/asha-general-hospital/versions/c7b2ff16b45fc563/files/cc348eac61afdbb09b33135b96730abb70c201370178345ae2a989d7b198bfc9 [stream]
[debug] [2021-10-19T16:01:13.382Z] <<< [apiv2][status] POST https://upload-firebasehosting.googleapis.com/upload/sites/asha-general-hospital/versions/c7b2ff16b45fc563/files/e63fd62293c45da0301d03b0bf6b3e830303432da12dfe030c4af40e28981401 200
[debug] [2021-10-19T16:01:13.382Z] <<< [apiv2][body] POST https://upload-firebasehosting.googleapis.com/upload/sites/asha-general-hospital/versions/c7b2ff16b45fc563/files/e63fd62293c45da0301d03b0bf6b3e830303432da12dfe030c4af40e28981401 [stream]
[debug] [2021-10-19T16:01:13.409Z] <<< [apiv2][status] POST https://upload-firebasehosting.googleapis.com/upload/sites/asha-general-hospital/versions/c7b2ff16b45fc563/files/8197af382ef8a30bc228d7d4c8355b3151078f69c068444a115c6ceba0a568bc 200
[debug] [2021-10-19T16:01:13.410Z] <<< [apiv2][body] POST https://upload-firebasehosting.googleapis.com/upload/sites/asha-general-hospital/versions/c7b2ff16b45fc563/files/8197af382ef8a30bc228d7d4c8355b3151078f69c068444a115c6ceba0a568bc [stream]
[debug] [2021-10-19T16:01:13.574Z] <<< [apiv2][status] POST https://upload-firebasehosting.googleapis.com/upload/sites/asha-general-hospital/versions/c7b2ff16b45fc563/files/a62a1ce89e38753829097910acb0b25a3e71feaa3415fbda43f3f4df1c35c3ff 200
[debug] [2021-10-19T16:01:13.575Z] <<< [apiv2][body] POST https://upload-firebasehosting.googleapis.com/upload/sites/asha-general-hospital/versions/c7b2ff16b45fc563/files/a62a1ce89e38753829097910acb0b25a3e71feaa3415fbda43f3f4df1c35c3ff [stream]
[debug] [2021-10-19T16:01:13.627Z] <<< [apiv2][status] POST https://upload-firebasehosting.googleapis.com/upload/sites/asha-general-hospital/versions/c7b2ff16b45fc563/files/6699b9e1400a65f7760f304174dd264d34c58ab1c2686fd203d368cfe06c0779 200
[debug] [2021-10-19T16:01:13.627Z] <<< [apiv2][body] POST https://upload-firebasehosting.googleapis.com/upload/sites/asha-general-hospital/versions/c7b2ff16b45fc563/files/6699b9e1400a65f7760f304174dd264d34c58ab1c2686fd203d368cfe06c0779 [stream]
[debug] [2021-10-19T16:01:13.805Z] <<< [apiv2][status] POST https://upload-firebasehosting.googleapis.com/upload/sites/asha-general-hospital/versions/c7b2ff16b45fc563/files/96863d25812a684130bf7a46e00e3633ffd718230d2a67d74923c0b44acc0e16 200
[debug] [2021-10-19T16:01:13.805Z] <<< [apiv2][body] POST https://upload-firebasehosting.googleapis.com/upload/sites/asha-general-hospital/versions/c7b2ff16b45fc563/files/96863d25812a684130bf7a46e00e3633ffd718230d2a67d74923c0b44acc0e16 [stream]
[debug] [2021-10-19T16:01:14.833Z] <<< [apiv2][status] POST https://upload-firebasehosting.googleapis.com/upload/sites/asha-general-hospital/versions/c7b2ff16b45fc563/files/cdaae45fe4edfb4981415c2ec120022e59410072a063e9535f7781ba7964818d 200
[debug] [2021-10-19T16:01:14.834Z] <<< [apiv2][body] POST https://upload-firebasehosting.googleapis.com/upload/sites/asha-general-hospital/versions/c7b2ff16b45fc563/files/cdaae45fe4edfb4981415c2ec120022e59410072a063e9535f7781ba7964818d [stream]
[debug] [2021-10-19T16:01:14.834Z] [hosting][upload queue][FINAL] {"max":4248,"min":1655,"avg":2331.037037037037,"active":0,"complete":27,"success":27,"errored":0,"retried":0,"total":27,"elapsed":4256}
[info] +  hosting[asha-general-hospital]: file upload complete 
[debug] [2021-10-19T16:01:14.838Z] [hosting] deploy completed after 6493ms
[debug] [2021-10-19T16:01:14.850Z] [
  {
    "config": {
      "public": "build",
      "ignore": [
        "firebase.json",
        "**/.*",
        "**/node_modules/**"
      ],
      "rewrites": [
        {
          "source": "**",
          "destination": "/index.html"
        }
      ],
      "site": "asha-general-hospital"
    },
    "site": "asha-general-hospital",
    "version": "sites/asha-general-hospital/versions/c7b2ff16b45fc563"
  }
]
[info] i  hosting[asha-general-hospital]: finalizing version... 
[debug] [2021-10-19T16:01:14.855Z] > refreshing access token with scopes: ["email","https://www.googleapis.com/auth/cloud-platform","https://www.googleapis.com/auth/cloudplatformprojects.readonly","https://www.googleapis.com/auth/firebase","openid"]
[debug] [2021-10-19T16:01:14.856Z] >>> HTTP REQUEST POST https://www.googleapis.com/oauth2/v3/token  
 <request body omitted>
[debug] [2021-10-19T16:01:15.778Z] <<< HTTP RESPONSE 200 {"expires":"Mon, 01 Jan 1990 00:00:00 GMT","pragma":"no-cache","date":"Tue, 19 Oct 2021 16:01:15 GMT","cache-control":"no-cache, no-store, max-age=0, must-revalidate","content-type":"application/json; charset=utf-8","vary":"X-Origin, Referer, Origin,Accept-Encoding","server":"scaffolding on HTTPServer2","x-xss-protection":"0","x-frame-options":"SAMEORIGIN","x-content-type-options":"nosniff","alt-svc":"h3=\":443\"; ma=2592000,h3-29=\":443\"; ma=2592000,h3-T051=\":443\"; ma=2592000,h3-Q050=\":443\"; ma=2592000,h3-Q046=\":443\"; ma=2592000,h3-Q043=\":443\"; ma=2592000,quic=\":443\"; ma=2592000; v=\"46,43\"","accept-ranges":"none","transfer-encoding":"chunked"}
[debug] [2021-10-19T16:01:15.804Z] >>> HTTP REQUEST PATCH https://firebasehosting.googleapis.com/v1beta1/sites/asha-general-hospital/versions/c7b2ff16b45fc563?updateMask=status  
 {"status":"FINALIZED"}
[debug] [2021-10-19T16:01:17.367Z] <<< HTTP RESPONSE 200 {"content-type":"application/json; charset=UTF-8","vary":"X-Origin, Referer, Origin,Accept-Encoding","date":"Tue, 19 Oct 2021 16:01:17 GMT","server":"ESF","cache-control":"private","x-xss-protection":"0","x-frame-options":"SAMEORIGIN","x-content-type-options":"nosniff","alt-svc":"h3=\":443\"; ma=2592000,h3-29=\":443\"; ma=2592000,h3-T051=\":443\"; ma=2592000,h3-Q050=\":443\"; ma=2592000,h3-Q046=\":443\"; ma=2592000,h3-Q043=\":443\"; ma=2592000,quic=\":443\"; ma=2592000; v=\"46,43\"","accept-ranges":"none","transfer-encoding":"chunked"}
[debug] [2021-10-19T16:01:17.368Z] [hosting] finalized version for asha-general-hospital: {"name":"sites/asha-general-hospital/versions/c7b2ff16b45fc563","status":"FINALIZED","config":{"rewrites":[{"glob":"**","path":"/index.html"}]},"labels":{"deployment-tool":"cli-firebase"},"createTime":"2021-10-19T16:01:08.340541Z","createUser":{"email":"rabibd.it@gmail.com"},"finalizeTime":"2021-10-19T16:01:17.461596Z","finalizeUser":{"email":"rabibd.it@gmail.com"}}
[info] +  hosting[asha-general-hospital]: version finalized 
[info] i  hosting[asha-general-hospital]: releasing new version... 
[debug] [2021-10-19T16:01:17.376Z] >>> HTTP REQUEST POST https://firebasehosting.googleapis.com/v1beta1/sites/asha-general-hospital/releases?version_name=sites/asha-general-hospital/versions/c7b2ff16b45fc563  
 {"message":null}
[debug] [2021-10-19T16:01:18.840Z] <<< HTTP RESPONSE 200 {"content-type":"application/json; charset=UTF-8","vary":"X-Origin, Referer, Origin,Accept-Encoding","date":"Tue, 19 Oct 2021 16:01:19 GMT","server":"ESF","cache-control":"private","x-xss-protection":"0","x-frame-options":"SAMEORIGIN","x-content-type-options":"nosniff","alt-svc":"h3=\":443\"; ma=2592000,h3-29=\":443\"; ma=2592000,h3-T051=\":443\"; ma=2592000,h3-Q050=\":443\"; ma=2592000,h3-Q046=\":443\"; ma=2592000,h3-Q043=\":443\"; ma=2592000,quic=\":443\"; ma=2592000; v=\"46,43\"","accept-ranges":"none","transfer-encoding":"chunked"}
[debug] [2021-10-19T16:01:18.841Z] [hosting] release: {"name":"sites/asha-general-hospital/releases/1634659278515303","version":{"name":"sites/asha-general-hospital/versions/c7b2ff16b45fc563","status":"FINALIZED","config":{"rewrites":[{"glob":"**","path":"/index.html"}]},"labels":{"deployment-tool":"cli-firebase"},"createTime":"2021-10-19T16:01:08.340541Z","createUser":{"email":"rabibd.it@gmail.com"},"finalizeTime":"2021-10-19T16:01:17.461596Z","finalizeUser":{"email":"rabibd.it@gmail.com"}},"type":"DEPLOY","releaseTime":"2021-10-19T16:01:18.515303534Z","releaseUser":{"email":"rabibd.it@gmail.com"}}
[info] +  hosting[asha-general-hospital]: release complete 
[info] 
[info] +  Deploy complete! 
[info] 
[info] Project Console: https://console.firebase.google.com/project/asha-general-hospital/overview
[info] Hosting URL: https://asha-general-hospital.web.app
